###############################################################
#  Generated by:      Cadence Encounter 09.12-s159_1
#  OS:                Linux x86_64(Host ID drain7)
#  Generated on:      Mon Mar 30 09:26:33 2015
#  Command:           addMetalFill -layer { metal1 metal2 metal3 metal4 meta...
###############################################################

Iteration name: default
Fill shape type: FILLWIRE
Layer M1 - Fill width    : 0.400um - 2.000um
Layer M1 - Fill length   : 1.000um - 10.000um
Layer M1 - Active spacing: 0.600um
Layer M1 - Gap spacing   : 0.400um
Layer M1 - Window size   : 32um X 30um
Layer M1 - Window step   : 32um X 30um
Layer M1 - Min Density   : 20%
Layer M1 - Pref Density  : 35%
Layer M1 - Max Density   : 80%
Layer M1 - Ext Density   : 35%
Layer M1 - Number of windows (total - met pref density = processed): 1 - 0 = 1
Layer M2 - Fill width    : 0.400um - 2.000um
Layer M2 - Fill length   : 1.000um - 10.000um
Layer M2 - Active spacing: 0.600um
Layer M2 - Gap spacing   : 0.400um
Layer M2 - Window size   : 32um X 30um
Layer M2 - Window step   : 32um X 30um
Layer M2 - Min Density   : 20%
Layer M2 - Pref Density  : 35%
Layer M2 - Max Density   : 80%
Layer M2 - Ext Density   : 35%
Layer M2 - Number of windows (total - met pref density = processed): 1 - 0 = 1
Layer M3 - Fill width    : 0.400um - 2.000um
Layer M3 - Fill length   : 1.000um - 10.000um
Layer M3 - Active spacing: 0.600um
Layer M3 - Gap spacing   : 0.400um
Layer M3 - Window size   : 32um X 30um
Layer M3 - Window step   : 32um X 30um
Layer M3 - Min Density   : 20%
Layer M3 - Pref Density  : 35%
Layer M3 - Max Density   : 80%
Layer M3 - Ext Density   : 35%
Layer M3 - Number of windows (total - met pref density = processed): 1 - 0 = 1
Layer M4 - Fill width    : 0.400um - 2.000um
Layer M4 - Fill length   : 1.000um - 10.000um
Layer M4 - Active spacing: 0.600um
Layer M4 - Gap spacing   : 0.400um
Layer M4 - Window size   : 32um X 30um
Layer M4 - Window step   : 32um X 30um
Layer M4 - Min Density   : 20%
Layer M4 - Pref Density  : 35%
Layer M4 - Max Density   : 80%
Layer M4 - Ext Density   : 35%
Layer M4 - Number of windows (total - met pref density = processed): 1 - 0 = 1
Layer M5 - Fill width    : 0.400um - 2.000um
Layer M5 - Fill length   : 1.000um - 10.000um
Layer M5 - Active spacing: 0.600um
Layer M5 - Gap spacing   : 0.400um
Layer M5 - Window size   : 32um X 30um
Layer M5 - Window step   : 32um X 30um
Layer M5 - Min Density   : 20%
Layer M5 - Pref Density  : 35%
Layer M5 - Max Density   : 80%
Layer M5 - Ext Density   : 35%
Layer M5 - Number of windows (total - met pref density = processed): 1 - 0 = 1
Layer M6 - Fill width    : 0.400um - 2.000um
Layer M6 - Fill length   : 1.000um - 10.000um
Layer M6 - Active spacing: 0.600um
Layer M6 - Gap spacing   : 0.400um
Layer M6 - Window size   : 32um X 30um
Layer M6 - Window step   : 32um X 30um
Layer M6 - Min Density   : 20%
Layer M6 - Pref Density  : 35%
Layer M6 - Max Density   : 80%
Layer M6 - Ext Density   : 35%
Layer M6 - Number of windows (total - met pref density = processed): 1 - 0 = 1
Layer M7 - Fill width    : 0.800um - 2.000um
Layer M7 - Fill length   : 1.000um - 10.000um
Layer M7 - Active spacing: 0.800um
Layer M7 - Gap spacing   : 0.800um
Layer M7 - Window size   : 32um X 30um
Layer M7 - Window step   : 32um X 30um
Layer M7 - Min Density   : 20%
Layer M7 - Pref Density  : 35%
Layer M7 - Max Density   : 80%
Layer M7 - Ext Density   : 35%
Layer M7 - Number of windows (total - met pref density = processed): 1 - 0 = 1
Layer M8 - Fill width    : 0.800um - 2.000um
Layer M8 - Fill length   : 1.000um - 10.000um
Layer M8 - Active spacing: 0.800um
Layer M8 - Gap spacing   : 0.800um
Layer M8 - Window size   : 32um X 30um
Layer M8 - Window step   : 32um X 30um
Layer M8 - Min Density   : 20%
Layer M8 - Pref Density  : 35%
Layer M8 - Max Density   : 80%
Layer M8 - Ext Density   : 35%
Layer M8 - Number of windows (total - met pref density = processed): 1 - 0 = 1

***************Before filling***************

Layer M1 - Number of windows under minimum density (20%): 0 out of total 1.
Layer M1 - Number of windows over maximum density  (80%): 0 out of total 1.

Layer M2 - Number of windows under minimum density (20%): 1 out of total 1.
Layer M2 - Number of windows over maximum density  (80%): 0 out of total 1.

Layer M3 - Number of windows under minimum density (20%): 1 out of total 1.
Layer M3 - Number of windows over maximum density  (80%): 0 out of total 1.

Layer M4 - Number of windows under minimum density (20%): 1 out of total 1.
Layer M4 - Number of windows over maximum density  (80%): 0 out of total 1.

Layer M5 - Number of windows under minimum density (20%): 1 out of total 1.
Layer M5 - Number of windows over maximum density  (80%): 0 out of total 1.

Layer M6 - Number of windows under minimum density (20%): 1 out of total 1.
Layer M6 - Number of windows over maximum density  (80%): 0 out of total 1.

Layer M7 - Number of windows under minimum density (20%): 1 out of total 1.
Layer M7 - Number of windows over maximum density  (80%): 0 out of total 1.

Layer M8 - Number of windows under minimum density (20%): 1 out of total 1.
Layer M8 - Number of windows over maximum density  (80%): 0 out of total 1.

***************After filling***************

Layer M1 - Number of windows under minimum density (20%): 0 out of total 1.
Layer M1 - Number of windows over maximum density  (80%): 0 out of total 1.

Layer M2 - Number of windows under minimum density (20%): 0 out of total 1.
Layer M2 - Number of windows over maximum density  (80%): 0 out of total 1.

Layer M3 - Number of windows under minimum density (20%): 0 out of total 1.
Layer M3 - Number of windows over maximum density  (80%): 0 out of total 1.

Layer M4 - Number of windows under minimum density (20%): 0 out of total 1.
Layer M4 - Number of windows over maximum density  (80%): 0 out of total 1.

Layer M5 - Number of windows under minimum density (20%): 0 out of total 1.
Layer M5 - Number of windows over maximum density  (80%): 0 out of total 1.

Layer M6 - Number of windows under minimum density (20%): 0 out of total 1.
Layer M6 - Number of windows over maximum density  (80%): 0 out of total 1.

Layer M7 - Number of windows under minimum density (20%): 0 out of total 1.
Layer M7 - Number of windows over maximum density  (80%): 0 out of total 1.

Layer M8 - Number of windows under minimum density (20%): 0 out of total 1.
Layer M8 - Number of windows over maximum density  (80%): 0 out of total 1.

